<?xml version="1.0" encoding="UTF-8"?>
<!-- Generated by org.testng.reporters.JUnitReportReporter -->
<testsuite skipped="0" hostname="DESKTOP-3GNVT0U" name="com.qa.nsprocess.SOProcess" tests="2" failures="0" timestamp="12 Jan 2021 15:39:43 GMT" time="1141.407" errors="0">
  <testcase name="So_process" time="1011.945" classname="com.qa.nsprocess.SOProcess"/>
  <testcase name="so_Validations" time="129.462" classname="com.qa.nsprocess.SOProcess"/>
</testsuite> <!-- com.qa.nsprocess.SOProcess -->
