<?xml version="1.0" encoding="UTF-8"?>
<!-- Generated by org.testng.reporters.JUnitReportReporter -->
<testsuite skipped="0" hostname="DESKTOP-3GNVT0U" name="com.qa.nsprocess.ExpenseReport" tests="2" failures="0" timestamp="20 Jan 2021 15:30:53 GMT" time="342.049" errors="0">
  <testcase name="expense_report_validation_using_invalid_data" time="69.737" classname="com.qa.nsprocess.ExpenseReport"/>
  <testcase name="Expense_report_creation" time="272.312" classname="com.qa.nsprocess.ExpenseReport"/>
</testsuite> <!-- com.qa.nsprocess.ExpenseReport -->
