<?xml version="1.0" encoding="UTF-8"?>
<!-- Generated by org.testng.reporters.JUnitReportReporter -->
<testsuite skipped="0" hostname="DESKTOP-3GNVT0U" name="com.qa.nsprocess.VendorCreation" tests="1" failures="0" timestamp="21 Jan 2021 17:24:31 GMT" time="76.405" errors="0">
  <testcase name="vendor_validations" time="76.405" classname="com.qa.nsprocess.VendorCreation"/>
</testsuite> <!-- com.qa.nsprocess.VendorCreation -->
