<?xml version="1.0" encoding="UTF-8"?>
<!-- Generated by org.testng.reporters.JUnitReportReporter -->
<testsuite skipped="0" hostname="DESKTOP-3GNVT0U" name="com.qa.nsprocess.EmployeeCreation" tests="1" failures="0" timestamp="21 Jan 2021 17:37:43 GMT" time="115.950" errors="0">
  <testcase name="employee_validations" time="115.950" classname="com.qa.nsprocess.EmployeeCreation"/>
</testsuite> <!-- com.qa.nsprocess.EmployeeCreation -->
