<?xml version="1.0" encoding="UTF-8"?>
<!-- Generated by org.testng.reporters.JUnitReportReporter -->
<testsuite skipped="0" hostname="DESKTOP-3GNVT0U" name="com.qa.nsprocess.ExpenseReport" tests="2" failures="0" timestamp="13 Jan 2021 16:56:43 GMT" time="384.783" errors="0">
  <testcase name="Expense_report_creation" time="316.865" classname="com.qa.nsprocess.ExpenseReport"/>
  <testcase name="expense_report_validation_using_invalid_data" time="67.918" classname="com.qa.nsprocess.ExpenseReport"/>
</testsuite> <!-- com.qa.nsprocess.ExpenseReport -->
