<?xml version="1.0" encoding="UTF-8"?>
<!-- Generated by org.testng.reporters.JUnitReportReporter -->
<testsuite skipped="0" hostname="DESKTOP-3GNVT0U" name="com.qa.nsprocess.EmployeeCreation" tests="2" failures="0" timestamp="18 Jan 2021 09:21:33 GMT" time="122.768" errors="0">
  <testcase name="employee_invalid_validations" time="62.110" classname="com.qa.nsprocess.EmployeeCreation"/>
  <testcase name="employee_validations" time="60.658" classname="com.qa.nsprocess.EmployeeCreation"/>
</testsuite> <!-- com.qa.nsprocess.EmployeeCreation -->
