<?xml version="1.0" encoding="UTF-8"?>
<!-- Generated by org.testng.reporters.JUnitReportReporter -->
<testsuite skipped="0" hostname="DESKTOP-3GNVT0U" name="com.qa.nsprocess.SOProcess" tests="2" failures="0" timestamp="20 Jan 2021 15:14:00 GMT" time="834.530" errors="0">
  <testcase name="So_process" time="725.060" classname="com.qa.nsprocess.SOProcess"/>
  <testcase name="so_Validations" time="109.470" classname="com.qa.nsprocess.SOProcess"/>
</testsuite> <!-- com.qa.nsprocess.SOProcess -->
